Determining if the function log exists failed with the following output:
Change Dir: /home/python27/Documents/learn_tech/learn_cmake/step5/build/CMakeFiles/CMakeTmp

Run Build Command:/usr/bin/make "cmTryCompileExec642179389/fast"
/usr/bin/make -f CMakeFiles/cmTryCompileExec642179389.dir/build.make CMakeFiles/cmTryCompileExec642179389.dir/build
make[1]: Entering directory `/home/python27/Documents/learn_tech/learn_cmake/step5/build/CMakeFiles/CMakeTmp'
/usr/bin/cmake -E cmake_progress_report /home/python27/Documents/learn_tech/learn_cmake/step5/build/CMakeFiles/CMakeTmp/CMakeFiles 1
Building C object CMakeFiles/cmTryCompileExec642179389.dir/CheckFunctionExists.c.o
/usr/bin/gcc   -DCHECK_FUNCTION_EXISTS=log   -o CMakeFiles/cmTryCompileExec642179389.dir/CheckFunctionExists.c.o   -c /usr/share/cmake-2.8/Modules/CheckFunctionExists.c
/usr/share/cmake-2.8/Modules/CheckFunctionExists.c:3:6: warning: conflicting types for built-in function ‘log’ [enabled by default]
Linking C executable cmTryCompileExec642179389
/usr/bin/cmake -E cmake_link_script CMakeFiles/cmTryCompileExec642179389.dir/link.txt --verbose=1
/usr/bin/gcc     -DCHECK_FUNCTION_EXISTS=log    CMakeFiles/cmTryCompileExec642179389.dir/CheckFunctionExists.c.o  -o cmTryCompileExec642179389 -rdynamic 
CMakeFiles/cmTryCompileExec642179389.dir/CheckFunctionExists.c.o: In function `main':
CheckFunctionExists.c:(.text+0x7): undefined reference to `log'
collect2: error: ld returned 1 exit status
make[1]: *** [cmTryCompileExec642179389] Error 1
make[1]: Leaving directory `/home/python27/Documents/learn_tech/learn_cmake/step5/build/CMakeFiles/CMakeTmp'
make: *** [cmTryCompileExec642179389/fast] Error 2


Determining if the function exp exists failed with the following output:
Change Dir: /home/python27/Documents/learn_tech/learn_cmake/step5/build/CMakeFiles/CMakeTmp

Run Build Command:/usr/bin/make "cmTryCompileExec3386667534/fast"
/usr/bin/make -f CMakeFiles/cmTryCompileExec3386667534.dir/build.make CMakeFiles/cmTryCompileExec3386667534.dir/build
make[1]: Entering directory `/home/python27/Documents/learn_tech/learn_cmake/step5/build/CMakeFiles/CMakeTmp'
/usr/bin/cmake -E cmake_progress_report /home/python27/Documents/learn_tech/learn_cmake/step5/build/CMakeFiles/CMakeTmp/CMakeFiles 1
Building C object CMakeFiles/cmTryCompileExec3386667534.dir/CheckFunctionExists.c.o
/usr/bin/gcc   -DCHECK_FUNCTION_EXISTS=exp   -o CMakeFiles/cmTryCompileExec3386667534.dir/CheckFunctionExists.c.o   -c /usr/share/cmake-2.8/Modules/CheckFunctionExists.c
/usr/share/cmake-2.8/Modules/CheckFunctionExists.c:3:6: warning: conflicting types for built-in function ‘exp’ [enabled by default]
Linking C executable cmTryCompileExec3386667534
/usr/bin/cmake -E cmake_link_script CMakeFiles/cmTryCompileExec3386667534.dir/link.txt --verbose=1
/usr/bin/gcc     -DCHECK_FUNCTION_EXISTS=exp    CMakeFiles/cmTryCompileExec3386667534.dir/CheckFunctionExists.c.o  -o cmTryCompileExec3386667534 -rdynamic 
CMakeFiles/cmTryCompileExec3386667534.dir/CheckFunctionExists.c.o: In function `main':
CheckFunctionExists.c:(.text+0x7): undefined reference to `exp'
collect2: error: ld returned 1 exit status
make[1]: *** [cmTryCompileExec3386667534] Error 1
make[1]: Leaving directory `/home/python27/Documents/learn_tech/learn_cmake/step5/build/CMakeFiles/CMakeTmp'
make: *** [cmTryCompileExec3386667534/fast] Error 2


