Determining if the function log exists failed with the following output:
Change Dir: /home/python27/Documents/learn_tech/learn_cmake/step7/build/CMakeFiles/CMakeTmp

Run Build Command:/usr/bin/make "cmTryCompileExec1558723662/fast"
/usr/bin/make -f CMakeFiles/cmTryCompileExec1558723662.dir/build.make CMakeFiles/cmTryCompileExec1558723662.dir/build
make[1]: Entering directory `/home/python27/Documents/learn_tech/learn_cmake/step7/build/CMakeFiles/CMakeTmp'
/usr/bin/cmake -E cmake_progress_report /home/python27/Documents/learn_tech/learn_cmake/step7/build/CMakeFiles/CMakeTmp/CMakeFiles 1
Building C object CMakeFiles/cmTryCompileExec1558723662.dir/CheckFunctionExists.c.o
/usr/bin/gcc   -DCHECK_FUNCTION_EXISTS=log   -o CMakeFiles/cmTryCompileExec1558723662.dir/CheckFunctionExists.c.o   -c /usr/share/cmake-2.8/Modules/CheckFunctionExists.c
/usr/share/cmake-2.8/Modules/CheckFunctionExists.c:3:6: warning: conflicting types for built-in function ‘log’ [enabled by default]
Linking C executable cmTryCompileExec1558723662
/usr/bin/cmake -E cmake_link_script CMakeFiles/cmTryCompileExec1558723662.dir/link.txt --verbose=1
/usr/bin/gcc     -DCHECK_FUNCTION_EXISTS=log    CMakeFiles/cmTryCompileExec1558723662.dir/CheckFunctionExists.c.o  -o cmTryCompileExec1558723662 -rdynamic 
CMakeFiles/cmTryCompileExec1558723662.dir/CheckFunctionExists.c.o: In function `main':
CheckFunctionExists.c:(.text+0x7): undefined reference to `log'
collect2: error: ld returned 1 exit status
make[1]: *** [cmTryCompileExec1558723662] Error 1
make[1]: Leaving directory `/home/python27/Documents/learn_tech/learn_cmake/step7/build/CMakeFiles/CMakeTmp'
make: *** [cmTryCompileExec1558723662/fast] Error 2


Determining if the function exp exists failed with the following output:
Change Dir: /home/python27/Documents/learn_tech/learn_cmake/step7/build/CMakeFiles/CMakeTmp

Run Build Command:/usr/bin/make "cmTryCompileExec4285042148/fast"
/usr/bin/make -f CMakeFiles/cmTryCompileExec4285042148.dir/build.make CMakeFiles/cmTryCompileExec4285042148.dir/build
make[1]: Entering directory `/home/python27/Documents/learn_tech/learn_cmake/step7/build/CMakeFiles/CMakeTmp'
/usr/bin/cmake -E cmake_progress_report /home/python27/Documents/learn_tech/learn_cmake/step7/build/CMakeFiles/CMakeTmp/CMakeFiles 1
Building C object CMakeFiles/cmTryCompileExec4285042148.dir/CheckFunctionExists.c.o
/usr/bin/gcc   -DCHECK_FUNCTION_EXISTS=exp   -o CMakeFiles/cmTryCompileExec4285042148.dir/CheckFunctionExists.c.o   -c /usr/share/cmake-2.8/Modules/CheckFunctionExists.c
/usr/share/cmake-2.8/Modules/CheckFunctionExists.c:3:6: warning: conflicting types for built-in function ‘exp’ [enabled by default]
Linking C executable cmTryCompileExec4285042148
/usr/bin/cmake -E cmake_link_script CMakeFiles/cmTryCompileExec4285042148.dir/link.txt --verbose=1
/usr/bin/gcc     -DCHECK_FUNCTION_EXISTS=exp    CMakeFiles/cmTryCompileExec4285042148.dir/CheckFunctionExists.c.o  -o cmTryCompileExec4285042148 -rdynamic 
CMakeFiles/cmTryCompileExec4285042148.dir/CheckFunctionExists.c.o: In function `main':
CheckFunctionExists.c:(.text+0x7): undefined reference to `exp'
collect2: error: ld returned 1 exit status
make[1]: *** [cmTryCompileExec4285042148] Error 1
make[1]: Leaving directory `/home/python27/Documents/learn_tech/learn_cmake/step7/build/CMakeFiles/CMakeTmp'
make: *** [cmTryCompileExec4285042148/fast] Error 2


